  Building GameAssembly.dll with MsvcWinRtToolChain
  	Msvc Install Version: 15.0
  	Msvc Install SDK Directory: C:\Program Files (x86)\Windows Kits\10
  	Msvc Linker Path: C:\Program Files (x86)\Microsoft Visual Studio\2019\Community\VC\Tools\MSVC\14.23.28105\bin\HostX64\x86\link.exe
  	Msvc Compiler Path: C:\Program Files (x86)\Microsoft Visual Studio\2019\Community\VC\Tools\MSVC\14.23.28105\bin\HostX64\x86\cl.exe
  
  	Output directory: C:\Users\t-nimogh\Code\AR-Navigation-Private\HoloLens\build\bin\Win32\Debug
  	Cache directory: C:\Users\t-nimogh\Code\AR-Navigation-Private\HoloLens\build\obj\il2cppOutputProject\Win32\Debug
  Il2CppGenericMethodDefinitions.c
  Il2CppMetadataUsage.c
  Il2CppGenericMethodPointerTable.cpp
  Il2CppGenericMethodTable.c
  Il2CppTypeDefinitions.c
  Il2CppAttributes.cpp
  Il2CppGenericClassTable.c
  mscorlib_CodeGen.c
  Il2CppInvokerTable.cpp
  Il2CppCompilerCalculateTypeValues1.cpp
  Il2CppCompilerCalculateTypeValues.cpp
  Il2CppInteropDataTable.cpp
  mscorlib4.cpp
  Unity.XR.ARFoundation.cpp
  mscorlib8.cpp
  mscorlib13.cpp
  mscorlib3.cpp
  GenericMethods1.cpp
  mscorlib5.cpp
  System3.cpp
  System.Net.Http.cpp
  UnityEngine.UI.cpp
  Generics28.cpp
  Generics1.cpp
  System4.cpp
  System5.cpp
  GenericMethods5.cpp
  GenericMethods6.cpp
  mscorlib7.cpp
  System.cpp
  mscorlib11.cpp
  mscorlib12.cpp
  mscorlib10.cpp
  mscorlib2.cpp
  mscorlib19.cpp
  mscorlib14.cpp
  System2.cpp
  System1.cpp
  UnityEngine.UI1.cpp
  mscorlib18.cpp
  mscorlib1.cpp
  Assembly-CSharp.cpp
  GenericMethods3.cpp
  mscorlib.cpp
  Generics2.cpp
  Generics.cpp
  UnityEngine.UI2.cpp
  UnityEngine.CoreModule.cpp
  Generics33.cpp
  GenericMethods4.cpp
  Generics34.cpp
  UnityEngine.CoreModule1.cpp
  mscorlib6.cpp
  Generics12.cpp
  Generics5.cpp
  Il2CppComCallableWrappers.cpp
  mscorlib15.cpp
  mscorlib9.cpp
  Generics15.cpp
  Generics29.cpp
  mscorlib16.cpp
  Generics35.cpp
  Il2CppComCallableWrappers19.cpp
  Generics6.cpp
  Generics23.cpp
  Il2CppComCallableWrappers15.cpp
  Il2CppComCallableWrappers16.cpp
  Il2CppComCallableWrappers14.cpp
  Il2CppComCallableWrappers5.cpp
  Generics36.cpp
  Generics24.cpp
  Il2CppComCallableWrappers13.cpp
  Il2CppComCallableWrappers1.cpp
  Generics30.cpp
  Il2CppComCallableWrappers11.cpp
  Generics32.cpp
  Assembly-CSharp1.cpp
  Il2CppComCallableWrappers8.cpp
  Il2CppComCallableWrappers7.cpp
  mscorlib17.cpp
  Il2CppComCallableWrappers10.cpp
  GenericMethods.cpp
  Il2CppGenericInstDefinitions.c
  Mono.Security.cpp
  Generics11.cpp
  Il2CppComCallableWrappers12.cpp
  Generics22.cpp
  Il2CppComCallableWrappers17.cpp
  Il2CppComCallableWrappers9.cpp
  Il2CppComCallableWrappers3.cpp
  Generics16.cpp
  Generics19.cpp
  Generics25.cpp
  Generics31.cpp
  Generics38.cpp
  Il2CppComCallableWrappers18.cpp
  Il2CppComCallableWrappers4.cpp
  Il2CppComCallableWrappers2.cpp
  Generics27.cpp
  Generics10.cpp
  Generics26.cpp
  Generics14.cpp
  Generics7.cpp
  Generics18.cpp
  Il2CppProjectedComCallableWrapperMethods.cpp
  Generics37.cpp
  Il2CppComCallableWrappers6.cpp
  Generics20.cpp
  Il2CppProjectedComCallableWrapperMethods2.cpp
  Generics8.cpp
  Il2CppProjectedComCallableWrapperMethods1.cpp
  Generics21.cpp
  Generics13.cpp
  Generics9.cpp
  Generics17.cpp
  Generics4.cpp
  Unity.XR.ARSubsystems.cpp
  GenericMethods2.cpp
  System_CodeGen.c
  UnresolvedVirtualCallStubs.cpp
  Generics3.cpp
  Unity.XR.WindowsMR.cpp
  mscorlib20.cpp
  UnityEngine.IMGUIModule.cpp
  I18N.Rare.cpp
  UnityEngine.VRModule.cpp
  GenericMethods7.cpp
  UnityEngine.UI3.cpp
  Il2CppProjectedComCallableWrapperMethods3.cpp
  I18N.cpp
  I18N.CJK.cpp
  UnityEngine.AndroidJNIModule.cpp
  I18N.West.cpp
  Il2CppCompilerCalculateTypeValuesTable.cpp
  UnityEngine.CoreModule_CodeGen.c
  UnityEngine.UI_CodeGen.c
  UnityEngine.XRModule.cpp
  I18N.Rare1.cpp
  Unity.XR.ARFoundation1.cpp
  Il2CppComCallableWrappers20.cpp
  Il2CppGenericComDefinitions.cpp
  System.Core.cpp
  System6.cpp
  Mono.Security1.cpp
  char-conversions.cpp
  UnityEngine.TerrainModule.cpp
  UnityEngine.CoreModule2.cpp
  I18N.Other.cpp
  Assembly-CSharp_CodeGen.c
  I18N.MidEast.cpp
  WindowsRuntimeMetadata.cpp
  Unity.XR.ARFoundation_CodeGen.c
  Generics39.cpp
  UnityEngine.UIModule.cpp
  System.Runtime.WindowsRuntime.cpp
  UnityEngine.AnimationModule.cpp
  UnityEngine.TextRenderingModule.cpp
  UnityEngine.SpatialTracking.cpp
  UnityEngine.Physics2DModule.cpp
  Unity.XR.ARSubsystems_CodeGen.c
  System.Net.Http_CodeGen.c
  UnityEngine.SharedInternalsModule.cpp
  Mono.Security_CodeGen.c
  UnityEngine.PhysicsModule.cpp
  UnityEngine.InputLegacyModule.cpp
  UnityEngine.AudioModule.cpp
  deflate.c
  UnityEngine.VRModule_CodeGen.c
  UnityEngine.UIElementsModule.cpp
  UnityEngine.ParticleSystemModule.cpp
  UnityEngine.AndroidJNIModule_CodeGen.c
  UnityEngine.VideoModule.cpp
  UnityEngine.TilemapModule.cpp
  I18N.Rare_CodeGen.c
  Unity.XR.WindowsMR_CodeGen.c
  UnityEngine.UnityWebRequestModule.cpp
  inflate.c
  UnityEngine.UnityAnalyticsModule.cpp
  I18N.CJK_CodeGen.c
  UnityEngine.IMGUIModule_CodeGen.c
  System.Configuration.cpp
  trees.c
  UnityEngine.VFXModule.cpp
  UnityEngine.XRModule_CodeGen.c
  System.Core_CodeGen.c
  WindowsRuntimeMetadata_CodeGen.c
  UnityEngine.InputModule.cpp
  xamarin_getifaddrs.c
  I18N_CodeGen.c
  UnityEngine.UIModule_CodeGen.c
  I18N.West_CodeGen.c
  UnityEngine.ARModule.cpp
  System.Runtime.WindowsRuntime_CodeGen.c
  System.Runtime.WindowsRuntime.UI.Xaml.cpp
  UnityEngine.AssetBundleModule.cpp
  infback.c
  gzread.c
  Il2CppReversePInvokeWrapperTable.cpp
  I18N.Other_CodeGen.c
  UnityEngine.AnimationModule_CodeGen.c
  UnityEngine.AIModule.cpp
  UnityEngine.DirectorModule.cpp
  il2cpp-api.cpp
  gzwrite.c
  UnityEngine.PhysicsModule_CodeGen.c
  UnityEngine.SharedInternalsModule_CodeGen.c
  gzlib.c
  UnityEngine.TerrainModule_CodeGen.c
  UnityEngine.TextRenderingModule_CodeGen.c
  UnityEngine.Physics2DModule_CodeGen.c
  crc32.c
  inffast.c
  inftrees.c
  UnityEngine.AudioModule_CodeGen.c
  UnityEngine.InputLegacyModule_CodeGen.c
  UnityEngine.SpatialTracking_CodeGen.c
  I18N.MidEast_CodeGen.c
  UnityEngine.VideoModule_CodeGen.c
  UnityEngine.TilemapModule_CodeGen.c
  UnityEngine.ParticleSystemModule_CodeGen.c
  zutil.c
  System.Configuration_CodeGen.c
  UnityEngine.UIElementsModule_CodeGen.c
  UnityEngine.UnityAnalyticsModule_CodeGen.c
  Il2CppCodeRegistration.cpp
  adler32.c
  System.Xml.cpp
  UnityEngine.InputModule_CodeGen.c
  UnityEngine.VFXModule_CodeGen.c
  UnityEngine.GridModule.cpp
  uncompr.c
  compress.c
  UnityEngine.UnityWebRequestModule_CodeGen.c
  System.Runtime.WindowsRuntime.UI.Xaml_CodeGen.c
  UnityEngine.AIModule_CodeGen.c
  UnityEngine.ARModule_CodeGen.c
  Lump_libil2cpp_icalls.cpp
  UnityAdsStubs.cpp
  UnityEngine.DirectorModule_CodeGen.c
  krait_signal_handler.c
  Il2CppMetadataRegistration.c
  Lump_libil2cpp_metadata.cpp
  Lump_libil2cpp_utils.cpp
  System.Runtime.cpp
  System.ObjectModel.cpp
  UnityEngine.cpp
  UnityEngine.GridModule_CodeGen.c
  System.Xml_CodeGen.c
  il2cpp-benchmark-support.cpp
  gzclose.c
  gc.c
  UnityEngine.AssetBundleModule_CodeGen.c
  System.ObjectModel_CodeGen.c
  UnityEngine_CodeGen.c
  System.Runtime_CodeGen.c
  Lump_libil2cpp_mono-runtime.cpp
  Lump_libil2cpp_gc.cpp
  Lump_libil2cpp_debugger.cpp
  Lump_libil2cpp_vm-utils.cpp
  il2cpp-runtime-stats.cpp
  Lump_libil2cpp_vm.cpp
  Lump_libil2cpp_mono.cpp
  Lump_libil2cpp_codegen.cpp
  Lump_libil2cpp_os.cpp
  ObjectFiles: 264 of which compiled: 264
  	Time Compile: 10031 milliseconds Lump_libil2cpp_os.cpp
  	Time Compile: 6266 milliseconds Lump_libil2cpp_vm.cpp
  	Time Compile: 5383 milliseconds Il2CppComCallableWrappers18.cpp
  	Time Compile: 5321 milliseconds Il2CppComCallableWrappers17.cpp
  	Time Compile: 5208 milliseconds Il2CppComCallableWrappers16.cpp
  	Time Compile: 5127 milliseconds Il2CppComCallableWrappers11.cpp
  	Time Compile: 5112 milliseconds Il2CppComCallableWrappers12.cpp
  	Time Compile: 5047 milliseconds Il2CppComCallableWrappers10.cpp
  	Time Compile: 4984 milliseconds Il2CppComCallableWrappers14.cpp
  	Time Compile: 4904 milliseconds Lump_libil2cpp_icalls.cpp
  Total compilation time: 54851 milliseconds.
  Creating library C:\Users\t-nimogh\Code\AR-Navigation-Private\HoloLens\build\obj\il2cppOutputProject\Win32\Debug\linkresult_CC5060D05A99CDB0474D2CD4C8221D60\GameAssembly.lib and object C:\Users\t-nimogh\Code\AR-Navigation-Private\HoloLens\build\obj\il2cppOutputProject\Win32\Debug\linkresult_CC5060D05A99CDB0474D2CD4C8221D60\GameAssembly.exp
  Total link time: 2677 milliseconds.
  Cleaned up 2 object files.
